<?xml version="1.0" encoding="UTF-8"?>
<testng-results skipped="0" failed="0" ignored="0" total="1" passed="1">
  <reporter-output>
  </reporter-output>
  <suite name="Default suite" duration-ms="24733" started-at="2019-06-19T13:05:40Z" finished-at="2019-06-19T13:06:05Z">
    <groups>
    </groups>
    <test name="Default test" duration-ms="24733" started-at="2019-06-19T13:05:40Z" finished-at="2019-06-19T13:06:05Z">
      <class name="com.training.sanity.tests.ThirdTestcase">
        <test-method status="PASS" signature="setUpBeforeClass()[pri:0, instance:com.training.sanity.tests.ThirdTestcase@5e3a8624]" name="setUpBeforeClass" is-config="true" duration-ms="20" started-at="2019-06-19T13:05:40Z" finished-at="2019-06-19T13:05:40Z">
          <reporter-output>
          </reporter-output>
        </test-method> <!-- setUpBeforeClass -->
        <test-method status="PASS" signature="setUp()[pri:0, instance:com.training.sanity.tests.ThirdTestcase@5e3a8624]" name="setUp" is-config="true" duration-ms="12239" started-at="2019-06-19T13:05:40Z" finished-at="2019-06-19T13:05:52Z">
          <reporter-output>
          </reporter-output>
        </test-method> <!-- setUp -->
        <test-method status="PASS" signature="validLoginTest()[pri:0, instance:com.training.sanity.tests.ThirdTestcase@5e3a8624]" name="validLoginTest" duration-ms="10363" started-at="2019-06-19T13:05:52Z" finished-at="2019-06-19T13:06:03Z">
          <reporter-output>
          </reporter-output>
        </test-method> <!-- validLoginTest -->
        <test-method status="PASS" signature="tearDown()[pri:0, instance:com.training.sanity.tests.ThirdTestcase@5e3a8624]" name="tearDown" is-config="true" duration-ms="2074" started-at="2019-06-19T13:06:03Z" finished-at="2019-06-19T13:06:05Z">
          <reporter-output>
          </reporter-output>
        </test-method> <!-- tearDown -->
      </class> <!-- com.training.sanity.tests.ThirdTestcase -->
    </test> <!-- Default test -->
  </suite> <!-- Default suite -->
</testng-results>
